{"contracts/Event.sol":{"l":{"21":6,"22":6,"27":5,"28":5,"29":5,"30":5,"31":5,"32":5,"33":5,"37":2,"38":2,"39":2,"40":2,"41":2,"42":2,"43":2,"54":1,"55":1,"59":2,"60":2,"61":2,"62":2,"63":2,"67":1,"68":1,"69":1,"70":1,"71":1,"75":10},"path":"/home/michael/Desktop/JavaScript/Angular/angular_argon_design/contracts/Event.sol","s":{"1":6,"2":5,"3":5,"4":5,"5":5,"6":5,"7":5,"8":5,"9":2,"10":2,"11":2,"12":2,"13":2,"14":2,"15":2,"16":1,"17":1,"18":2,"19":2,"20":2,"21":2,"22":1,"23":1,"24":1,"25":10},"b":{"1":[6,0],"2":[2,0],"3":[1,0],"4":[2,0],"5":[1,0]},"f":{"1":6,"2":5,"3":2,"4":1,"5":2,"6":1,"7":10},"fnMap":{"1":{"name":"isBeforeStart","line":20,"loc":{"start":{"line":20,"column":4},"end":{"line":20,"column":26}}},"2":{"name":null,"line":25,"loc":{"start":{"line":25,"column":4},"end":{"line":26,"column":14}}},"3":{"name":"update","line":36,"loc":{"start":{"line":36,"column":4},"end":{"line":36,"column":142}}},"4":{"name":"destroy","line":53,"loc":{"start":{"line":53,"column":4},"end":{"line":53,"column":61}}},"5":{"name":"addCategory","line":58,"loc":{"start":{"line":58,"column":4},"end":{"line":58,"column":93}}},"6":{"name":"deleteCategory","line":66,"loc":{"start":{"line":66,"column":4},"end":{"line":66,"column":59}}},"7":{"name":"getCategories","line":74,"loc":{"start":{"line":74,"column":4},"end":{"line":74,"column":71}}}},"statementMap":{"1":{"start":{"line":21,"column":8},"end":{"line":21,"column":91}},"2":{"start":{"line":27,"column":8},"end":{"line":27,"column":21}},"3":{"start":{"line":28,"column":8},"end":{"line":28,"column":25}},"4":{"start":{"line":29,"column":8},"end":{"line":29,"column":21}},"5":{"start":{"line":30,"column":8},"end":{"line":30,"column":33}},"6":{"start":{"line":31,"column":8},"end":{"line":31,"column":29}},"7":{"start":{"line":32,"column":8},"end":{"line":32,"column":25}},"8":{"start":{"line":33,"column":8},"end":{"line":33,"column":21}},"9":{"start":{"line":37,"column":8},"end":{"line":37,"column":70}},"10":{"start":{"line":38,"column":8},"end":{"line":38,"column":21}},"11":{"start":{"line":39,"column":8},"end":{"line":39,"column":33}},"12":{"start":{"line":40,"column":8},"end":{"line":40,"column":29}},"13":{"start":{"line":41,"column":8},"end":{"line":41,"column":25}},"14":{"start":{"line":42,"column":8},"end":{"line":42,"column":21}},"15":{"start":{"line":43,"column":8},"end":{"line":43,"column":69}},"16":{"start":{"line":54,"column":8},"end":{"line":54,"column":71}},"17":{"start":{"line":55,"column":8},"end":{"line":55,"column":46}},"18":{"start":{"line":59,"column":8},"end":{"line":59,"column":70}},"19":{"start":{"line":60,"column":8},"end":{"line":60,"column":45}},"20":{"start":{"line":61,"column":8},"end":{"line":61,"column":106}},"21":{"start":{"line":63,"column":8},"end":{"line":63,"column":53}},"22":{"start":{"line":67,"column":8},"end":{"line":67,"column":73}},"23":{"start":{"line":68,"column":8},"end":{"line":68,"column":50}},"24":{"start":{"line":71,"column":8},"end":{"line":71,"column":41}},"25":{"start":{"line":75,"column":8},"end":{"line":75,"column":25}}},"branchMap":{"1":{"line":21,"type":"if","locations":[{"start":{"line":21,"column":8},"end":{"line":21,"column":8}},{"start":{"line":21,"column":8},"end":{"line":21,"column":8}}]},"2":{"line":37,"type":"if","locations":[{"start":{"line":37,"column":8},"end":{"line":37,"column":8}},{"start":{"line":37,"column":8},"end":{"line":37,"column":8}}]},"3":{"line":54,"type":"if","locations":[{"start":{"line":54,"column":8},"end":{"line":54,"column":8}},{"start":{"line":54,"column":8},"end":{"line":54,"column":8}}]},"4":{"line":59,"type":"if","locations":[{"start":{"line":59,"column":8},"end":{"line":59,"column":8}},{"start":{"line":59,"column":8},"end":{"line":59,"column":8}}]},"5":{"line":67,"type":"if","locations":[{"start":{"line":67,"column":8},"end":{"line":67,"column":8}},{"start":{"line":67,"column":8},"end":{"line":67,"column":8}}]}}},"contracts/EventCategory.sol":{"l":{"33":8,"34":8,"38":1,"39":1,"43":2,"44":2,"45":2,"46":2,"47":2,"51":1,"52":1,"53":1,"54":1,"58":1,"62":4,"63":4,"64":4,"65":4,"69":1,"70":1,"71":1,"75":1,"76":1,"77":1,"78":1,"82":1,"83":1,"84":1,"85":1,"86":1},"path":"/home/michael/Desktop/JavaScript/Angular/angular_argon_design/contracts/EventCategory.sol","s":{"1":8,"2":1,"3":2,"4":2,"5":2,"6":2,"7":2,"8":1,"9":1,"10":1,"11":1,"12":1,"13":4,"14":4,"15":4,"16":1,"17":1,"18":1,"19":1,"20":1,"21":1,"22":1,"23":1,"24":1},"b":{"1":[8,0],"2":[1,0],"3":[1,0],"4":[4,0],"5":[1,0],"6":[1,0],"7":[1,0]},"f":{"1":8,"2":1,"3":2,"4":1,"5":1,"6":4,"7":1,"8":1,"9":1},"fnMap":{"1":{"name":"isBeforeStart","line":32,"loc":{"start":{"line":32,"column":4},"end":{"line":32,"column":26}}},"2":{"name":"isInTime","line":37,"loc":{"start":{"line":37,"column":4},"end":{"line":37,"column":21}}},"3":{"name":null,"line":42,"loc":{"start":{"line":42,"column":4},"end":{"line":42,"column":101}}},"4":{"name":"update","line":50,"loc":{"start":{"line":50,"column":4},"end":{"line":50,"column":88}}},"5":{"name":"destroy","line":57,"loc":{"start":{"line":57,"column":4},"end":{"line":57,"column":43}}},"6":{"name":"addCandidate","line":61,"loc":{"start":{"line":61,"column":4},"end":{"line":61,"column":115}}},"7":{"name":"deleteCandidate","line":68,"loc":{"start":{"line":68,"column":4},"end":{"line":68,"column":60}}},"8":{"name":"updateCandidate","line":74,"loc":{"start":{"line":74,"column":4},"end":{"line":74,"column":131}}},"9":{"name":"castVote","line":81,"loc":{"start":{"line":81,"column":4},"end":{"line":81,"column":62}}}},"statementMap":{"1":{"start":{"line":33,"column":8},"end":{"line":33,"column":100}},"2":{"start":{"line":38,"column":8},"end":{"line":38,"column":160}},"3":{"start":{"line":43,"column":8},"end":{"line":43,"column":21}},"4":{"start":{"line":44,"column":8},"end":{"line":44,"column":25}},"5":{"start":{"line":45,"column":8},"end":{"line":45,"column":21}},"6":{"start":{"line":46,"column":8},"end":{"line":46,"column":33}},"7":{"start":{"line":47,"column":8},"end":{"line":47,"column":33}},"8":{"start":{"line":51,"column":8},"end":{"line":51,"column":73}},"9":{"start":{"line":52,"column":8},"end":{"line":52,"column":21}},"10":{"start":{"line":53,"column":8},"end":{"line":53,"column":33}},"11":{"start":{"line":54,"column":8},"end":{"line":54,"column":50}},"12":{"start":{"line":58,"column":8},"end":{"line":58,"column":46}},"13":{"start":{"line":62,"column":8},"end":{"line":62,"column":71}},"14":{"start":{"line":64,"column":8},"end":{"line":64,"column":102}},"15":{"start":{"line":65,"column":8},"end":{"line":65,"column":51}},"16":{"start":{"line":69,"column":8},"end":{"line":69,"column":74}},"17":{"start":{"line":70,"column":8},"end":{"line":70,"column":40}},"18":{"start":{"line":71,"column":8},"end":{"line":71,"column":37}},"19":{"start":{"line":75,"column":8},"end":{"line":75,"column":74}},"20":{"start":{"line":76,"column":8},"end":{"line":76,"column":38}},"21":{"start":{"line":77,"column":8},"end":{"line":77,"column":40}},"22":{"start":{"line":78,"column":8},"end":{"line":78,"column":52}},"23":{"start":{"line":82,"column":8},"end":{"line":82,"column":70}},"24":{"start":{"line":86,"column":8},"end":{"line":86,"column":40}}},"branchMap":{"1":{"line":33,"type":"if","locations":[{"start":{"line":33,"column":8},"end":{"line":33,"column":8}},{"start":{"line":33,"column":8},"end":{"line":33,"column":8}}]},"2":{"line":38,"type":"if","locations":[{"start":{"line":38,"column":8},"end":{"line":38,"column":8}},{"start":{"line":38,"column":8},"end":{"line":38,"column":8}}]},"3":{"line":51,"type":"if","locations":[{"start":{"line":51,"column":8},"end":{"line":51,"column":8}},{"start":{"line":51,"column":8},"end":{"line":51,"column":8}}]},"4":{"line":62,"type":"if","locations":[{"start":{"line":62,"column":8},"end":{"line":62,"column":8}},{"start":{"line":62,"column":8},"end":{"line":62,"column":8}}]},"5":{"line":69,"type":"if","locations":[{"start":{"line":69,"column":8},"end":{"line":69,"column":8}},{"start":{"line":69,"column":8},"end":{"line":69,"column":8}}]},"6":{"line":75,"type":"if","locations":[{"start":{"line":75,"column":8},"end":{"line":75,"column":8}},{"start":{"line":75,"column":8},"end":{"line":75,"column":8}}]},"7":{"line":82,"type":"if","locations":[{"start":{"line":82,"column":8},"end":{"line":82,"column":8}},{"start":{"line":82,"column":8},"end":{"line":82,"column":8}}]}}},"contracts/EventCreator.sol":{"l":{"28":2,"32":1,"33":1,"34":1,"35":1,"36":1,"41":5,"42":5,"43":5,"44":5,"45":5,"49":1,"50":1,"51":1,"52":1,"56":14,"60":1,"61":1,"62":1,"63":1,"67":1,"68":1,"69":1,"73":1},"path":"/home/michael/Desktop/JavaScript/Angular/angular_argon_design/contracts/EventCreator.sol","s":{"1":2,"2":1,"3":1,"4":1,"5":1,"6":1,"7":5,"8":5,"9":5,"10":5,"11":1,"12":1,"13":14,"14":1,"15":1,"16":1,"17":1,"18":1,"19":1,"20":1},"b":{"1":[5,0],"2":[1,0],"3":[1,0],"4":[1,0],"5":[1,0]},"f":{"1":2,"2":1,"3":5,"4":1,"5":14,"6":1,"7":1,"8":1},"fnMap":{"1":{"name":null,"line":27,"loc":{"start":{"line":27,"column":4},"end":{"line":27,"column":22}}},"2":{"name":"addInfo","line":31,"loc":{"start":{"line":31,"column":4},"end":{"line":31,"column":100}}},"3":{"name":"createEvent","line":39,"loc":{"start":{"line":39,"column":4},"end":{"line":39,"column":141}}},"4":{"name":"deleteEvent","line":48,"loc":{"start":{"line":48,"column":4},"end":{"line":48,"column":42}}},"5":{"name":"getEvents","line":55,"loc":{"start":{"line":55,"column":4},"end":{"line":55,"column":58}}},"6":{"name":"requestToBeCreator","line":59,"loc":{"start":{"line":59,"column":4},"end":{"line":59,"column":38}}},"7":{"name":"makeUserEventCreator","line":66,"loc":{"start":{"line":66,"column":4},"end":{"line":66,"column":56}}},"8":{"name":"getCreatorRequests","line":72,"loc":{"start":{"line":72,"column":1},"end":{"line":72,"column":69}}}},"statementMap":{"1":{"start":{"line":28,"column":8},"end":{"line":28,"column":32}},"2":{"start":{"line":32,"column":8},"end":{"line":32,"column":45}},"3":{"start":{"line":33,"column":8},"end":{"line":33,"column":39}},"4":{"start":{"line":34,"column":8},"end":{"line":34,"column":51}},"5":{"start":{"line":35,"column":8},"end":{"line":35,"column":44}},"6":{"start":{"line":36,"column":8},"end":{"line":36,"column":55}},"7":{"start":{"line":41,"column":8},"end":{"line":41,"column":82}},"8":{"start":{"line":42,"column":8},"end":{"line":42,"column":38}},"9":{"start":{"line":43,"column":8},"end":{"line":43,"column":109}},"10":{"start":{"line":45,"column":8},"end":{"line":45,"column":43}},"11":{"start":{"line":49,"column":8},"end":{"line":49,"column":43}},"12":{"start":{"line":52,"column":8},"end":{"line":52,"column":33}},"13":{"start":{"line":56,"column":8},"end":{"line":56,"column":21}},"14":{"start":{"line":60,"column":8},"end":{"line":60,"column":105}},"15":{"start":{"line":61,"column":8},"end":{"line":61,"column":102}},"16":{"start":{"line":62,"column":8},"end":{"line":62,"column":55}},"17":{"start":{"line":67,"column":8},"end":{"line":67,"column":94}},"18":{"start":{"line":68,"column":8},"end":{"line":68,"column":104}},"19":{"start":{"line":69,"column":8},"end":{"line":69,"column":44}},"20":{"start":{"line":73,"column":2},"end":{"line":73,"column":24}}},"branchMap":{"1":{"line":41,"type":"if","locations":[{"start":{"line":41,"column":8},"end":{"line":41,"column":8}},{"start":{"line":41,"column":8},"end":{"line":41,"column":8}}]},"2":{"line":60,"type":"if","locations":[{"start":{"line":60,"column":8},"end":{"line":60,"column":8}},{"start":{"line":60,"column":8},"end":{"line":60,"column":8}}]},"3":{"line":61,"type":"if","locations":[{"start":{"line":61,"column":8},"end":{"line":61,"column":8}},{"start":{"line":61,"column":8},"end":{"line":61,"column":8}}]},"4":{"line":67,"type":"if","locations":[{"start":{"line":67,"column":8},"end":{"line":67,"column":8}},{"start":{"line":67,"column":8},"end":{"line":67,"column":8}}]},"5":{"line":68,"type":"if","locations":[{"start":{"line":68,"column":8},"end":{"line":68,"column":8}},{"start":{"line":68,"column":8},"end":{"line":68,"column":8}}]}}}}